<?xml version="1.0" encoding="UTF-8"?>
<!-- Generated by org.testng.reporters.JUnitXMLReporter -->
<testsuite ignored="8" hostname="LIN51013508" failures="0" tests="1" name="Default test" time="2.695" errors="0" timestamp="2022-10-08T13:07:53 IST">
  <testcase classname="com.reqres.testcases.GetRequestExample" name="GetSingleUserRequest" time="1.964"/>
  <testcase classname="com.reqres.testcases.GetRequestExample" name="DeleteSingleUserRequest" time="0.0">
    <ignored/>
  </testcase> <!-- DeleteSingleUserRequest -->
  <testcase classname="com.reqres.testcases.GetRequestExample" name="GetSingleUserRequestc" time="0.0">
    <ignored/>
  </testcase> <!-- GetSingleUserRequestc -->
  <testcase classname="com.reqres.testcases.GetRequestExample" name="DeleteSingleUserRequestc" time="0.0">
    <ignored/>
  </testcase> <!-- DeleteSingleUserRequestc -->
  <testcase classname="com.reqres.testcases.GetRequestExample" name="UpdateuserRequest" time="0.0">
    <ignored/>
  </testcase> <!-- UpdateuserRequest -->
  <testcase classname="com.reqres.testcases.GetRequestExample" name="UpdateuserRequestc" time="0.0">
    <ignored/>
  </testcase> <!-- UpdateuserRequestc -->
  <testcase classname="com.reqres.testcases.GetRequestExample" name="CreateuserRequestc" time="0.0">
    <ignored/>
  </testcase> <!-- CreateuserRequestc -->
  <testcase classname="com.reqres.testcases.GetRequestExample" name="GetListofusers" time="0.0">
    <ignored/>
  </testcase> <!-- GetListofusers -->
  <testcase classname="com.reqres.testcases.GetRequestExample" name="GetListofusersc" time="0.0">
    <ignored/>
  </testcase> <!-- GetListofusersc -->
</testsuite> <!-- Default test -->
