<?xml version="1.0" encoding="UTF-8"?>
<!-- Generated by org.testng.reporters.JUnitXMLReporter -->
<testsuite ignored="0" hostname="LIN51013508" failures="0" tests="9" name="Test" time="6.677" errors="0" timestamp="2022-10-16T22:53:02 IST">
  <testcase classname="com.reqres.testcases.RegresAPI" name="CreateuserRequestc" time="1.99"/>
  <testcase classname="com.reqres.testcases.RegresAPI" name="DeleteSingleUserRequest" time="0.433"/>
  <testcase classname="com.reqres.testcases.RegresAPI" name="DeleteSingleUserRequestc" time="0.395"/>
  <testcase classname="com.reqres.testcases.RegresAPI" name="GetListofusers" time="1.428"/>
  <testcase classname="com.reqres.testcases.RegresAPI" name="GetListofusersc" time="0.168"/>
  <testcase classname="com.reqres.testcases.RegresAPI" name="GetSingleUserRequest" time="0.634"/>
  <testcase classname="com.reqres.testcases.RegresAPI" name="GetSingleUserRequestc" time="0.169"/>
  <testcase classname="com.reqres.testcases.RegresAPI" name="UpdateuserRequest" time="0.399"/>
  <testcase classname="com.reqres.testcases.RegresAPI" name="UpdateuserRequestc" time="0.427"/>
</testsuite> <!-- Test -->
