<?xml version="1.0" encoding="UTF-8"?>
<!-- Generated by org.testng.reporters.JUnitXMLReporter -->
<testsuite ignored="0" hostname="LIN51013508" failures="0" tests="9" name="Test" time="8.318" errors="0" timestamp="2022-10-16T22:33:39 IST">
  <testcase classname="com.reqres.testcases.RegresAPI" name="CreateuserRequestc" time="2.036"/>
  <testcase classname="com.reqres.testcases.RegresAPI" name="DeleteSingleUserRequest" time="0.447"/>
  <testcase classname="com.reqres.testcases.RegresAPI" name="DeleteSingleUserRequestc" time="1.421"/>
  <testcase classname="com.reqres.testcases.RegresAPI" name="GetListofusers" time="1.32"/>
  <testcase classname="com.reqres.testcases.RegresAPI" name="GetListofusersc" time="0.198"/>
  <testcase classname="com.reqres.testcases.RegresAPI" name="GetSingleUserRequest" time="0.202"/>
  <testcase classname="com.reqres.testcases.RegresAPI" name="GetSingleUserRequestc" time="0.204"/>
  <testcase classname="com.reqres.testcases.RegresAPI" name="UpdateuserRequest" time="0.424"/>
  <testcase classname="com.reqres.testcases.RegresAPI" name="UpdateuserRequestc" time="1.45"/>
</testsuite> <!-- Test -->
