<?xml version="1.0" encoding="UTF-8"?>
<testsuite xmlns:xsi="http://www.w3.org/2001/XMLSchema-instance" xsi:noNamespaceSchemaLocation="https://maven.apache.org/surefire/maven-surefire-plugin/xsd/surefire-test-report-3.0.xsd" version="3.0" name="TestSuite" time="9.103" tests="9" errors="0" skipped="0" failures="0">
  <properties>
[...]
</properties>
  <testcase name="CreateuserRequestc" classname="com.reqres.testcases.RegresAPI" time="2.036">
    <system-err><![CDATA[SLF4J: Failed to load class "org.slf4j.impl.StaticLoggerBinder".
SLF4J: Defaulting to no-operation (NOP) logger implementation
SLF4J: See http://www.slf4j.org/codes.html#StaticLoggerBinder for further details.
log4j:WARN No appenders could be found for logger (org.apache.http.impl.conn.BasicClientConnectionManager).
log4j:WARN Please initialize the log4j system properly.
log4j:WARN See http://logging.apache.org/log4j/1.2/faq.html#noconfig for more info.
]]></system-err>
  </testcase>
  <testcase name="DeleteSingleUserRequest" classname="com.reqres.testcases.RegresAPI" time="0.446">
    <system-out><![CDATA[Status Code = 204
Status Line = HTTP/1.1 204 No Content
Response Body = 
]]></system-out>
  </testcase>
  <testcase name="DeleteSingleUserRequestc" classname="com.reqres.testcases.RegresAPI" time="1.417"/>
  <testcase name="GetListofusers" classname="com.reqres.testcases.RegresAPI" time="1.402">
    <system-out><![CDATA[ArrayCount = 6
Email[0] -michael.lawson@reqres.in
FirstName[0] -Michael
LastName[0] -Lawson
Avatar[0] -https://reqres.in/img/faces/7-image.jpg
Id[0] -7
Email[1] -lindsay.ferguson@reqres.in
FirstName[1] -Lindsay
LastName[1] -Ferguson
Avatar[1] -https://reqres.in/img/faces/8-image.jpg
Id[1] -8
Email[2] -tobias.funke@reqres.in
FirstName[2] -Tobias
LastName[2] -Funke
Avatar[2] -https://reqres.in/img/faces/9-image.jpg
Id[2] -9
Email[3] -byron.fields@reqres.in
FirstName[3] -Byron
LastName[3] -Fields
Avatar[3] -https://reqres.in/img/faces/10-image.jpg
Id[3] -10
Email[4] -george.edwards@reqres.in
FirstName[4] -George
LastName[4] -Edwards
Avatar[4] -https://reqres.in/img/faces/11-image.jpg
Id[4] -11
Email[5] -rachel.howell@reqres.in
FirstName[5] -Rachel
LastName[5] -Howell
Avatar[5] -https://reqres.in/img/faces/12-image.jpg
Id[5] -12
Date Sun, 16 Oct 2022 17:03:35 GMT
Content-Type application/json; charset=utf-8
Transfer-Encoding chunked
Connection keep-alive
X-Powered-By Express
Access-Control-Allow-Origin *
Etag W/"406-ut0vzoCuidvyMf8arZpMpJ6ZRDw"
Via 1.1 vegur
Cache-Control max-age=14400
CF-Cache-Status HIT
Age 6936
Report-To {"endpoints":[{"url":"https:\/\/a.nel.cloudflare.com\/report\/v3?s=aXS2pOA30Z7RzDcU76tbjXv9zDrlDIIESYSuGLRN4RgADb42w9TRyLe49yeXrCJsSZwjsdc6nte2%2Fd1OXwc9XPqDC60MKxuBX8xbILlV%2FTGOaEPGPfiL3Ylu2A%3D%3D"}],"group":"cf-nel","max_age":604800}
NEL {"success_fraction":0,"report_to":"cf-nel","max_age":604800}
Vary Accept-Encoding
Server cloudflare
CF-RAY 75b25e683acb7941-AMD
Content-Encoding gzip
Email = michael.lawson@reqres.in
firstname = Michael
lastname = Lawson
Avatar = https://reqres.in/img/faces/7-image.jpg
Id = 7
Status Code = 200
Status Line = HTTP/1.1 200 OK
Response Body = {"page":2,"per_page":6,"total":12,"total_pages":2,"data":[{"id":7,"email":"michael.lawson@reqres.in","first_name":"Michael","last_name":"Lawson","avatar":"https://reqres.in/img/faces/7-image.jpg"},{"id":8,"email":"lindsay.ferguson@reqres.in","first_name":"Lindsay","last_name":"Ferguson","avatar":"https://reqres.in/img/faces/8-image.jpg"},{"id":9,"email":"tobias.funke@reqres.in","first_name":"Tobias","last_name":"Funke","avatar":"https://reqres.in/img/faces/9-image.jpg"},{"id":10,"email":"byron.fields@reqres.in","first_name":"Byron","last_name":"Fields","avatar":"https://reqres.in/img/faces/10-image.jpg"},{"id":11,"email":"george.edwards@reqres.in","first_name":"George","last_name":"Edwards","avatar":"https://reqres.in/img/faces/11-image.jpg"},{"id":12,"email":"rachel.howell@reqres.in","first_name":"Rachel","last_name":"Howell","avatar":"https://reqres.in/img/faces/12-image.jpg"}],"support":{"url":"https://reqres.in/#support-heading","text":"To keep ReqRes free, contributions towards server costs are appreciated!"}}
]]></system-out>
  </testcase>
  <testcase name="GetListofusersc" classname="com.reqres.testcases.RegresAPI" time="0.117"/>
  <testcase name="GetSingleUserRequest" classname="com.reqres.testcases.RegresAPI" time="0.214">
    <system-out><![CDATA[Email = janet.weaver@reqres.in
firstname = Janet
lastname = Weaver
Avatar = https://reqres.in/img/faces/2-image.jpg
Id = 2
Status Code = 200
Status Line = HTTP/1.1 200 OK
Response Body = {"data":{"id":2,"email":"janet.weaver@reqres.in","first_name":"Janet","last_name":"Weaver","avatar":"https://reqres.in/img/faces/2-image.jpg"},"support":{"url":"https://reqres.in/#support-heading","text":"To keep ReqRes free, contributions towards server costs are appreciated!"}}
]]></system-out>
  </testcase>
  <testcase name="GetSingleUserRequestc" classname="com.reqres.testcases.RegresAPI" time="0.194"/>
  <testcase name="UpdateuserRequest" classname="com.reqres.testcases.RegresAPI" time="0.439">
    <system-out><![CDATA[Response Status Code : 200
Response Status Line : HTTP/1.1 200 OK
Response Body : {"updatedAt":"2022-10-16T17:03:37.842Z"}
]]></system-out>
  </testcase>
  <testcase name="UpdateuserRequestc" classname="com.reqres.testcases.RegresAPI" time="1.436"/>
</testsuite>