<?xml version="1.0" encoding="UTF-8"?>
<testng-results ignored="0" total="9" passed="9" failed="0" skipped="0">
  <reporter-output>
  </reporter-output>
  <suite started-at="2022-10-16T22:33:31 IST" name="Suite" finished-at="2022-10-16T22:33:39 IST" duration-ms="8318">
    <groups>
    </groups>
    <test started-at="2022-10-16T22:33:31 IST" name="Test" finished-at="2022-10-16T22:33:39 IST" duration-ms="8318">
      <class name="com.reqres.testcases.RegresAPI">
        <test-method is-config="true" signature="setup()[pri:0, instance:com.reqres.testcases.RegresAPI@6f4a47c7]" started-at="2022-10-16T22:33:30 IST" name="setup" finished-at="2022-10-16T22:33:31 IST" duration-ms="61" status="PASS">
          <reporter-output>
          </reporter-output>
        </test-method> <!-- setup -->
        <test-method is-config="true" signature="BeforeMethod()[pri:0, instance:com.reqres.testcases.RegresAPI@6f4a47c7]" started-at="2022-10-16T22:33:31 IST" name="BeforeMethod" finished-at="2022-10-16T22:33:31 IST" duration-ms="556" status="PASS">
          <reporter-output>
          </reporter-output>
        </test-method> <!-- BeforeMethod -->
        <test-method signature="CreateuserRequestc()[pri:0, instance:com.reqres.testcases.RegresAPI@6f4a47c7]" started-at="2022-10-16T22:33:31 IST" name="CreateuserRequestc" description="CreateuserRequestc" finished-at="2022-10-16T22:33:33 IST" duration-ms="2036" status="PASS">
          <reporter-output>
          </reporter-output>
        </test-method> <!-- CreateuserRequestc -->
        <test-method signature="DeleteSingleUserRequest()[pri:0, instance:com.reqres.testcases.RegresAPI@6f4a47c7]" started-at="2022-10-16T22:33:33 IST" name="DeleteSingleUserRequest" description="DeleteSingleUserRequest" finished-at="2022-10-16T22:33:34 IST" duration-ms="447" status="PASS">
          <reporter-output>
          </reporter-output>
        </test-method> <!-- DeleteSingleUserRequest -->
        <test-method signature="DeleteSingleUserRequestc()[pri:0, instance:com.reqres.testcases.RegresAPI@6f4a47c7]" started-at="2022-10-16T22:33:34 IST" name="DeleteSingleUserRequestc" description="DeleteSingleUserRequestc" finished-at="2022-10-16T22:33:35 IST" duration-ms="1421" status="PASS">
          <reporter-output>
          </reporter-output>
        </test-method> <!-- DeleteSingleUserRequestc -->
        <test-method signature="GetListofusers()[pri:0, instance:com.reqres.testcases.RegresAPI@6f4a47c7]" started-at="2022-10-16T22:33:35 IST" name="GetListofusers" description="GetListofusers" finished-at="2022-10-16T22:33:36 IST" duration-ms="1320" status="PASS">
          <reporter-output>
          </reporter-output>
        </test-method> <!-- GetListofusers -->
        <test-method signature="GetListofusersc()[pri:0, instance:com.reqres.testcases.RegresAPI@6f4a47c7]" started-at="2022-10-16T22:33:36 IST" name="GetListofusersc" description="GetListofusersc" finished-at="2022-10-16T22:33:37 IST" duration-ms="198" status="PASS">
          <reporter-output>
          </reporter-output>
        </test-method> <!-- GetListofusersc -->
        <test-method signature="GetSingleUserRequest()[pri:0, instance:com.reqres.testcases.RegresAPI@6f4a47c7]" started-at="2022-10-16T22:33:37 IST" name="GetSingleUserRequest" description="GetSingleUserRequest" finished-at="2022-10-16T22:33:37 IST" duration-ms="202" status="PASS">
          <reporter-output>
          </reporter-output>
        </test-method> <!-- GetSingleUserRequest -->
        <test-method signature="GetSingleUserRequestc()[pri:0, instance:com.reqres.testcases.RegresAPI@6f4a47c7]" started-at="2022-10-16T22:33:37 IST" name="GetSingleUserRequestc" description="GetSingleUserRequestc" finished-at="2022-10-16T22:33:37 IST" duration-ms="204" status="PASS">
          <reporter-output>
          </reporter-output>
        </test-method> <!-- GetSingleUserRequestc -->
        <test-method signature="UpdateuserRequest()[pri:0, instance:com.reqres.testcases.RegresAPI@6f4a47c7]" started-at="2022-10-16T22:33:37 IST" name="UpdateuserRequest" description="UpdateuserRequest" finished-at="2022-10-16T22:33:37 IST" duration-ms="424" status="PASS">
          <reporter-output>
          </reporter-output>
        </test-method> <!-- UpdateuserRequest -->
        <test-method signature="UpdateuserRequestc()[pri:0, instance:com.reqres.testcases.RegresAPI@6f4a47c7]" started-at="2022-10-16T22:33:37 IST" name="UpdateuserRequestc" description="UpdateuserRequestc" finished-at="2022-10-16T22:33:39 IST" duration-ms="1450" status="PASS">
          <reporter-output>
          </reporter-output>
        </test-method> <!-- UpdateuserRequestc -->
      </class> <!-- com.reqres.testcases.RegresAPI -->
    </test> <!-- Test -->
  </suite> <!-- Suite -->
</testng-results>
