<?xml version="1.0" encoding="UTF-8"?>
<testng-results ignored="0" total="9" passed="9" failed="0" skipped="0">
  <reporter-output>
  </reporter-output>
  <suite started-at="2022-10-16T22:52:55 IST" name="Suite" finished-at="2022-10-16T22:53:02 IST" duration-ms="6677">
    <groups>
    </groups>
    <test started-at="2022-10-16T22:52:55 IST" name="Test" finished-at="2022-10-16T22:53:02 IST" duration-ms="6677">
      <class name="com.reqres.testcases.RegresAPI">
        <test-method is-config="true" signature="setup()[pri:0, instance:com.reqres.testcases.RegresAPI@18df8434]" started-at="2022-10-16T22:52:55 IST" name="setup" finished-at="2022-10-16T22:52:55 IST" duration-ms="124" status="PASS">
          <reporter-output>
          </reporter-output>
        </test-method> <!-- setup -->
        <test-method is-config="true" signature="BeforeMethod()[pri:0, instance:com.reqres.testcases.RegresAPI@18df8434]" started-at="2022-10-16T22:52:55 IST" name="BeforeMethod" finished-at="2022-10-16T22:52:56 IST" duration-ms="571" status="PASS">
          <reporter-output>
          </reporter-output>
        </test-method> <!-- BeforeMethod -->
        <test-method signature="CreateuserRequestc()[pri:0, instance:com.reqres.testcases.RegresAPI@18df8434]" started-at="2022-10-16T22:52:56 IST" name="CreateuserRequestc" description="CreateuserRequestc" finished-at="2022-10-16T22:52:58 IST" duration-ms="1990" status="PASS">
          <reporter-output>
          </reporter-output>
        </test-method> <!-- CreateuserRequestc -->
        <test-method signature="DeleteSingleUserRequest()[pri:0, instance:com.reqres.testcases.RegresAPI@18df8434]" started-at="2022-10-16T22:52:58 IST" name="DeleteSingleUserRequest" description="DeleteSingleUserRequest" finished-at="2022-10-16T22:52:58 IST" duration-ms="433" status="PASS">
          <reporter-output>
          </reporter-output>
        </test-method> <!-- DeleteSingleUserRequest -->
        <test-method signature="DeleteSingleUserRequestc()[pri:0, instance:com.reqres.testcases.RegresAPI@18df8434]" started-at="2022-10-16T22:52:58 IST" name="DeleteSingleUserRequestc" description="DeleteSingleUserRequestc" finished-at="2022-10-16T22:52:59 IST" duration-ms="395" status="PASS">
          <reporter-output>
          </reporter-output>
        </test-method> <!-- DeleteSingleUserRequestc -->
        <test-method signature="GetListofusers()[pri:0, instance:com.reqres.testcases.RegresAPI@18df8434]" started-at="2022-10-16T22:52:59 IST" name="GetListofusers" description="GetListofusers" finished-at="2022-10-16T22:53:00 IST" duration-ms="1428" status="PASS">
          <reporter-output>
          </reporter-output>
        </test-method> <!-- GetListofusers -->
        <test-method signature="GetListofusersc()[pri:0, instance:com.reqres.testcases.RegresAPI@18df8434]" started-at="2022-10-16T22:53:00 IST" name="GetListofusersc" description="GetListofusersc" finished-at="2022-10-16T22:53:00 IST" duration-ms="168" status="PASS">
          <reporter-output>
          </reporter-output>
        </test-method> <!-- GetListofusersc -->
        <test-method signature="GetSingleUserRequest()[pri:0, instance:com.reqres.testcases.RegresAPI@18df8434]" started-at="2022-10-16T22:53:00 IST" name="GetSingleUserRequest" description="GetSingleUserRequest" finished-at="2022-10-16T22:53:01 IST" duration-ms="634" status="PASS">
          <reporter-output>
          </reporter-output>
        </test-method> <!-- GetSingleUserRequest -->
        <test-method signature="GetSingleUserRequestc()[pri:0, instance:com.reqres.testcases.RegresAPI@18df8434]" started-at="2022-10-16T22:53:01 IST" name="GetSingleUserRequestc" description="GetSingleUserRequestc" finished-at="2022-10-16T22:53:01 IST" duration-ms="169" status="PASS">
          <reporter-output>
          </reporter-output>
        </test-method> <!-- GetSingleUserRequestc -->
        <test-method signature="UpdateuserRequest()[pri:0, instance:com.reqres.testcases.RegresAPI@18df8434]" started-at="2022-10-16T22:53:01 IST" name="UpdateuserRequest" description="UpdateuserRequest" finished-at="2022-10-16T22:53:01 IST" duration-ms="399" status="PASS">
          <reporter-output>
          </reporter-output>
        </test-method> <!-- UpdateuserRequest -->
        <test-method signature="UpdateuserRequestc()[pri:0, instance:com.reqres.testcases.RegresAPI@18df8434]" started-at="2022-10-16T22:53:01 IST" name="UpdateuserRequestc" description="UpdateuserRequestc" finished-at="2022-10-16T22:53:02 IST" duration-ms="427" status="PASS">
          <reporter-output>
          </reporter-output>
        </test-method> <!-- UpdateuserRequestc -->
      </class> <!-- com.reqres.testcases.RegresAPI -->
    </test> <!-- Test -->
  </suite> <!-- Suite -->
</testng-results>
